<?xml version="1.0" encoding="UTF-8"?>
<!-- Generated by org.testng.reporters.JUnitReportReporter -->
<testsuite hostname="CI00396246" failures="0" tests="1" name="runner.TestRunner" time="19.327" errors="0" timestamp="2025-05-06T15:27:02 IST" skipped="0">
  <testcase classname="runner.TestRunner" name="runScenario" time="19.327"/>
  <system-out/>
</testsuite> <!-- runner.TestRunner -->
